<?xml version="1.0" encoding="UTF-8"?>
<!-- Generated by org.testng.reporters.JUnitXMLReporter -->
<testsuite hostname="ANILs-Air.lan" ignored="0" name="Test2" tests="2" failures="1" timestamp="25 Mar 2023 14:25:42 GMT" time="48.247" errors="0">
  <testcase name="mytest8" time="34.966" classname="zoho.test.Zoho_DriverFactory_Test2">
    <failure type="org.openqa.selenium.TimeoutException" message="Expected condition failed: waiting for element to be clickable: [[RemoteWebDriver: firefox on LINUX (066f7e2e-ecc5-4ce4-b767-cc8075537b01)] -&amp;gt; xpath: //input[@id=&amp;apos;password&amp;apos;]] (tried for 10 second(s) with 500 milliseconds interval)
Build info: version: &amp;apos;4.3.0&amp;apos;, revision: &amp;apos;a4995e2c09*&amp;apos;
System info: host: &amp;apos;ANILs-Air.lan&amp;apos;, ip: &amp;apos;fe80:0:0:0:14cc:4bf2:6f84:67ef%en0&amp;apos;, os.name: &amp;apos;Mac OS X&amp;apos;, os.arch: &amp;apos;aarch64&amp;apos;, os.version: &amp;apos;13.2.1&amp;apos;, java.version: &amp;apos;1.8.0_352&amp;apos;
Driver info: com.sun.proxy.$Proxy29">
      <![CDATA[org.openqa.selenium.TimeoutException: Expected condition failed: waiting for element to be clickable: [[RemoteWebDriver: firefox on LINUX (066f7e2e-ecc5-4ce4-b767-cc8075537b01)] -> xpath: //input[@id='password']] (tried for 10 second(s) with 500 milliseconds interval)
Build info: version: '4.3.0', revision: 'a4995e2c09*'
System info: host: 'ANILs-Air.lan', ip: 'fe80:0:0:0:14cc:4bf2:6f84:67ef%en0', os.name: 'Mac OS X', os.arch: 'aarch64', os.version: '13.2.1', java.version: '1.8.0_352'
Driver info: com.sun.proxy.$Proxy29
at org.openqa.selenium.support.ui.WebDriverWait.timeoutException(WebDriverWait.java:87)
at org.openqa.selenium.support.ui.FluentWait.until(FluentWait.java:231)
at zoho.pageobjects.ZohoBasePO.getElement(ZohoBasePO.java:22)
at zoho.pageobjects.ZohoSignInPO.signInWithEmailAndPassword(ZohoSignInPO.java:36)
at zoho.test.Zoho_DriverFactory_Test2.mytest8(Zoho_DriverFactory_Test2.java:55)
at java.util.concurrent.ThreadPoolExecutor.runWorker(ThreadPoolExecutor.java:1149)
at java.util.concurrent.ThreadPoolExecutor$Worker.run(ThreadPoolExecutor.java:624)
at java.lang.Thread.run(Thread.java:750)
... Removed 10 stack frames]]>
    </failure>
  </testcase> <!-- mytest8 -->
  <testcase name="mytest7" time="42.062" classname="zoho.test.Zoho_DriverFactory_Test2"/>
</testsuite> <!-- Test2 -->
